<?xml version="1.0" encoding="UTF-8"?>
<!-- Generated by org.testng.reporters.JUnitReportReporter -->
<testsuite hostname="DESKTOP-KDHLI5B" failures="0" tests="1" name="project.mavenProject.AppiumTest" time="0.002" errors="0" timestamp="2020-06-15T13:01:48 EDT" skipped="0">
  <testcase classname="project.mavenProject.AppiumTest" name="IOSApps" time="0.002"/>
  <system-out/>
</testsuite> <!-- project.mavenProject.AppiumTest -->
