<?xml version="1.0" encoding="UTF-8"?>
<!-- Generated by org.testng.reporters.JUnitReportReporter -->
<testsuite hostname="DESKTOP-KDHLI5B" failures="0" tests="2" name="project.mavenProject.ReestAPITest" time="0.012" errors="0" timestamp="2020-06-15T13:02:31 EDT" skipped="0">
  <testcase classname="project.mavenProject.ReestAPITest" name="deleteTwitter" time="0.010"/>
  <system-out/>
  <testcase classname="project.mavenProject.ReestAPITest" name="postJira" time="0.002"/>
  <system-out/>
</testsuite> <!-- project.mavenProject.ReestAPITest -->
