<?xml version="1.0" encoding="UTF-8"?>
<!-- Generated by org.testng.reporters.JUnitReportReporter -->
<testsuite hostname="DESKTOP-KDHLI5B" failures="0" tests="2" name="project.mavenProject.seleniumTest" time="0.003" errors="0" timestamp="2020-06-15T13:01:48 EDT" skipped="0">
  <testcase classname="project.mavenProject.seleniumTest" name="elements" time="0.001"/>
  <system-out/>
  <testcase classname="project.mavenProject.seleniumTest" name="BrowserAutomation" time="0.002"/>
  <system-out/>
</testsuite> <!-- project.mavenProject.seleniumTest -->
