<?xml version="1.0" encoding="UTF-8"?>
<!-- Generated by org.testng.reporters.JUnitReportReporter -->
<testsuite hostname="DESKTOP-KDHLI5B" failures="0" tests="2" name="Test.day1" time="0.016" errors="0" timestamp="2020-06-07T17:09:49 EDT" skipped="0">
  <testcase classname="Test.day1" name="demo2" time="0.007"/>
  <system-out/>
  <testcase classname="Test.day1" name="demo" time="0.009"/>
  <system-out/>
</testsuite> <!-- Test.day1 -->
