<?xml version="1.0" encoding="UTF-8"?>
<!-- Generated by org.testng.reporters.JUnitReportReporter -->
<testsuite hostname="DESKTOP-KDHLI5B" failures="0" tests="1" name="Test.day2" time="0.008" errors="0" timestamp="2020-06-07T18:32:10 EDT" skipped="0">
  <testcase classname="Test.day2" name="ploan" time="0.008"/>
  <system-out/>
</testsuite> <!-- Test.day2 -->
