<?xml version="1.0" encoding="UTF-8"?>
<!-- Generated by org.testng.reporters.JUnitReportReporter -->
<testsuite hostname="DESKTOP-KDHLI5B" failures="0" tests="1" name="Test.day4" time="0.003" errors="0" timestamp="2020-06-07T18:32:10 EDT" skipped="0">
  <testcase classname="Test.day4" name="MobileloginCarLoan" time="0.003"/>
  <system-out/>
</testsuite> <!-- Test.day4 -->
