<?xml version="1.0" encoding="UTF-8"?>
<!-- Generated by org.testng.reporters.JUnitReportReporter -->
<testsuite hostname="DESKTOP-KDHLI5B" failures="0" tests="2" name="hh" time="16.601" errors="0" timestamp="2020-06-13T10:02:54 EDT" skipped="0">
  <testcase classname="hh" name="titleValidation" time="7.449"/>
  <system-out/>
  <testcase classname="hh" name="login" time="9.152"/>
  <system-out/>
</testsuite> <!-- hh -->
