<?xml version="1.0" encoding="UTF-8"?>
<!-- Generated by org.testng.reporters.JUnitReportReporter -->
<testsuite hostname="DESKTOP-KDHLI5B" failures="0" tests="2" name="testNG.TestNgDemo" time="16.221" errors="0" timestamp="2020-06-13T13:55:38 EDT" skipped="0">
  <testcase classname="testNG.TestNgDemo" name="titleValidation" time="6.602"/>
  <system-out/>
  <testcase classname="testNG.TestNgDemo" name="login" time="9.619"/>
  <system-out/>
</testsuite> <!-- testNG.TestNgDemo -->
